A,2
The all assignment score is: The all assignment score is:  10.0 
The all Test score is:  10.0, 0 
The all exam score is:  10.0 
The Final score is: 10.0
Kim Line,1
The all assignment score is: The all assignment score is:  20.0 
The all Test score is:  20.0, 0 
The all exam score is:  10.0 
The Final score is: 15.0
Q,1
The all assignment score is: The all assignment score is:  9.0 
The all Test score is:  9.0, 0 
The all exam score is:  9.0 
The Final score is: 9.0
Q,1
The all assignment score is: The all assignment score is:  9.0 
The all Test score is:  9.0, 0 
The all exam score is:  9.0 
The Final score is: 9.0
